0 info it worked if it ends with ok
1 verbose cli [ 'node',
1 verbose cli   '/usr/local/bin/npm',
1 verbose cli   'install',
1 verbose cli   '-g',
1 verbose cli   'generator-meanjs',
1 verbose cli   'hybrid' ]
2 info using npm@2.7.4
3 info using node@v0.12.2
4 verbose node symlink /usr/local/bin/node
5 silly cache add args [ 'generator-meanjs', null ]
6 verbose cache add spec generator-meanjs
7 silly cache add args [ 'hybrid', null ]
8 verbose cache add spec hybrid
9 silly cache add parsed spec { raw: 'generator-meanjs',
9 silly cache add   scope: null,
9 silly cache add   name: 'generator-meanjs',
9 silly cache add   rawSpec: '',
9 silly cache add   spec: '*',
9 silly cache add   type: 'range' }
10 verbose addNamed generator-meanjs@*
11 silly addNamed semver.valid null
12 silly addNamed semver.validRange *
13 silly addNameRange { name: 'generator-meanjs', range: '*', hasData: false }
14 silly mapToRegistry name generator-meanjs
15 silly mapToRegistry using default registry
16 silly mapToRegistry registry https://registry.npmjs.org/
17 silly mapToRegistry uri https://registry.npmjs.org/generator-meanjs
18 verbose addNameRange registry:https://registry.npmjs.org/generator-meanjs not in flight; fetching
19 silly cache add parsed spec { raw: 'hybrid',
19 silly cache add   scope: null,
19 silly cache add   name: 'hybrid',
19 silly cache add   rawSpec: '',
19 silly cache add   spec: '*',
19 silly cache add   type: 'range' }
20 verbose addNamed hybrid@*
21 silly addNamed semver.valid null
22 silly addNamed semver.validRange *
23 silly addNameRange { name: 'hybrid', range: '*', hasData: false }
24 silly mapToRegistry name hybrid
25 silly mapToRegistry using default registry
26 silly mapToRegistry registry https://registry.npmjs.org/
27 silly mapToRegistry uri https://registry.npmjs.org/hybrid
28 verbose addNameRange registry:https://registry.npmjs.org/hybrid not in flight; fetching
29 verbose request uri https://registry.npmjs.org/hybrid
30 verbose request no auth needed
31 info attempt registry request try #1 at 16:36:29
32 verbose request id 99452ac4d1488e4a
33 http request GET https://registry.npmjs.org/hybrid
34 verbose request uri https://registry.npmjs.org/generator-meanjs
35 verbose request no auth needed
36 info attempt registry request try #1 at 16:36:29
37 verbose etag "9Z7ZJK5R5IPST0BQV4HT3H759"
38 http request GET https://registry.npmjs.org/generator-meanjs
39 http 304 https://registry.npmjs.org/generator-meanjs
40 silly get cb [ 304,
40 silly get   { date: 'Tue, 05 May 2015 21:36:16 GMT',
40 silly get     via: '1.1 varnish',
40 silly get     'last-modified': 'Tue, 05 May 2015 21:36:16 GMT',
40 silly get     'cache-control': 'max-age=60',
40 silly get     etag: '"9Z7ZJK5R5IPST0BQV4HT3H759"',
40 silly get     age: '0',
40 silly get     connection: 'keep-alive',
40 silly get     'x-served-by': 'cache-ord1721-ORD',
40 silly get     'x-cache': 'MISS',
40 silly get     'x-cache-hits': '0',
40 silly get     'x-timer': 'S1430861776.469576,VS0,VE66',
40 silly get     vary: 'Accept' } ]
41 verbose etag https://registry.npmjs.org/generator-meanjs from cache
42 verbose get saving generator-meanjs to /Users/kruny1001/.npm/registry.npmjs.org/generator-meanjs/.cache.json
43 silly addNameRange number 2 { name: 'generator-meanjs', range: '*', hasData: true }
44 silly addNameRange versions [ 'generator-meanjs',
44 silly addNameRange   [ '0.0.1',
44 silly addNameRange     '0.0.2',
44 silly addNameRange     '0.0.3',
44 silly addNameRange     '0.0.4',
44 silly addNameRange     '0.0.5',
44 silly addNameRange     '0.0.6',
44 silly addNameRange     '0.0.7',
44 silly addNameRange     '0.0.8',
44 silly addNameRange     '0.0.9',
44 silly addNameRange     '0.1.0',
44 silly addNameRange     '0.1.1',
44 silly addNameRange     '0.1.2',
44 silly addNameRange     '0.1.3',
44 silly addNameRange     '0.1.4',
44 silly addNameRange     '0.1.5',
44 silly addNameRange     '0.1.6',
44 silly addNameRange     '0.1.7',
44 silly addNameRange     '0.1.8',
44 silly addNameRange     '0.1.9',
44 silly addNameRange     '0.1.10',
44 silly addNameRange     '0.1.11',
44 silly addNameRange     '0.1.12' ] ]
45 verbose addNamed generator-meanjs@0.1.12
46 silly addNamed semver.valid 0.1.12
47 silly addNamed semver.validRange 0.1.12
48 silly cache afterAdd generator-meanjs@0.1.12
49 verbose afterAdd /Users/kruny1001/.npm/generator-meanjs/0.1.12/package/package.json not in flight; writing
50 http 200 https://registry.npmjs.org/hybrid
51 silly get cb [ 200,
51 silly get   { server: 'CouchDB/1.5.0 (Erlang OTP/R16B03)',
51 silly get     etag: '"CC3C5S5YRK3UKW07ZXZ7JIL5Q"',
51 silly get     'content-type': 'application/json',
51 silly get     'cache-control': 'max-age=60',
51 silly get     'content-length': '913',
51 silly get     'accept-ranges': 'bytes',
51 silly get     date: 'Tue, 05 May 2015 21:36:16 GMT',
51 silly get     via: '1.1 varnish',
51 silly get     age: '0',
51 silly get     connection: 'keep-alive',
51 silly get     'x-served-by': 'cache-ord1728-ORD',
51 silly get     'x-cache': 'MISS',
51 silly get     'x-cache-hits': '0',
51 silly get     'x-timer': 'S1430861776.480636,VS0,VE70',
51 silly get     vary: 'Accept' } ]
52 verbose get saving hybrid to /Users/kruny1001/.npm/registry.npmjs.org/hybrid/.cache.json
53 verbose afterAdd /Users/kruny1001/.npm/generator-meanjs/0.1.12/package/package.json written
54 silly addNameRange number 2 { name: 'hybrid', range: '*', hasData: true }
55 silly addNameRange versions [ 'hybrid', [ '0.0.0' ] ]
56 verbose addNamed hybrid@0.0.0
57 silly addNamed semver.valid 0.0.0
58 silly addNamed semver.validRange 0.0.0
59 silly mapToRegistry name hybrid
60 silly mapToRegistry using default registry
61 silly mapToRegistry registry https://registry.npmjs.org/
62 silly mapToRegistry uri https://registry.npmjs.org/hybrid
63 verbose addRemoteTarball https://registry.npmjs.org/hybrid/-/hybrid-0.0.0.tgz not in flight; adding
64 verbose addRemoteTarball [ 'https://registry.npmjs.org/hybrid/-/hybrid-0.0.0.tgz',
64 verbose addRemoteTarball   'efb108e3ecb6312f8f17f8f03153fac314a0736b' ]
65 info retry fetch attempt 1 at 16:36:29
66 info attempt registry request try #1 at 16:36:29
67 http fetch GET https://registry.npmjs.org/hybrid/-/hybrid-0.0.0.tgz
68 http fetch 200 https://registry.npmjs.org/hybrid/-/hybrid-0.0.0.tgz
69 silly fetchAndShaCheck shasum efb108e3ecb6312f8f17f8f03153fac314a0736b
70 verbose addTmpTarball /var/folders/70/d3g1lc394k163j9bw8h68f8c0000gn/T/npm-44635-36602663/registry.npmjs.org/hybrid/-/hybrid-0.0.0.tgz not in flight; adding
71 verbose addTmpTarball already have metadata; skipping unpack for hybrid@0.0.0
72 silly cache afterAdd hybrid@0.0.0
73 verbose afterAdd /Users/kruny1001/.npm/hybrid/0.0.0/package/package.json not in flight; writing
74 verbose afterAdd /Users/kruny1001/.npm/hybrid/0.0.0/package/package.json written
75 silly install resolved [ { name: 'generator-meanjs',
75 silly install resolved     version: '0.1.12',
75 silly install resolved     description: 'MEAN.JS Official Yeoman Generator',
75 silly install resolved     main: 'app/index.js',
75 silly install resolved     repository:
75 silly install resolved      { type: 'git',
75 silly install resolved        url: 'https://github.com/meanjs/generator-meanjs' },
75 silly install resolved     author:
75 silly install resolved      { name: 'MEAN.JS Team',
75 silly install resolved        email: 'support@meanjs.org',
75 silly install resolved        url: 'https://github.com/meanjs' },
75 silly install resolved     engines: { node: '>=0.10.0' },
75 silly install resolved     scripts: { test: 'mocha' },
75 silly install resolved     keywords:
75 silly install resolved      [ 'yeoman-generator',
75 silly install resolved        'scaffold',
75 silly install resolved        'framework',
75 silly install resolved        'component',
75 silly install resolved        'front-end',
75 silly install resolved        'app',
75 silly install resolved        'mean',
75 silly install resolved        'meanjs',
75 silly install resolved        'node',
75 silly install resolved        'express',
75 silly install resolved        'angular' ],
75 silly install resolved     dependencies:
75 silly install resolved      { 'yeoman-generator': '~0.17.1',
75 silly install resolved        chalk: '~0.5.1',
75 silly install resolved        'underscore.inflections': '~0.2.1' },
75 silly install resolved     devDependencies:
75 silly install resolved      { assert: '~1.1.1',
75 silly install resolved        async: '~0.9.0',
75 silly install resolved        'fs-extra': '~0.10.0',
75 silly install resolved        mocha: '~1.21.3',
75 silly install resolved        temp: '~0.8.0' },
75 silly install resolved     peerDependencies: { yo: '>=1.0.0' },
75 silly install resolved     licenses: [ [Object] ],
75 silly install resolved     gitHead: '130517cfafbc8be97d1c571e01595a58d2c5da72',
75 silly install resolved     bugs: { url: 'https://github.com/meanjs/generator-meanjs/issues' },
75 silly install resolved     homepage: 'https://github.com/meanjs/generator-meanjs',
75 silly install resolved     _id: 'generator-meanjs@0.1.12',
75 silly install resolved     _shasum: '778d776ef5867e7bcc6a8c0808a91830f2359bfa',
75 silly install resolved     _from: 'generator-meanjs@*',
75 silly install resolved     _npmVersion: '1.4.23',
75 silly install resolved     _npmUser: { name: 'amoshaviv', email: 'mail@amoshaviv.com' },
75 silly install resolved     maintainers: [ [Object] ],
75 silly install resolved     dist:
75 silly install resolved      { shasum: '778d776ef5867e7bcc6a8c0808a91830f2359bfa',
75 silly install resolved        tarball: 'http://registry.npmjs.org/generator-meanjs/-/generator-meanjs-0.1.12.tgz' },
75 silly install resolved     directories: {},
75 silly install resolved     _resolved: 'https://registry.npmjs.org/generator-meanjs/-/generator-meanjs-0.1.12.tgz',
75 silly install resolved     readme: 'ERROR: No README data found!' },
75 silly install resolved   { name: 'hybrid',
75 silly install resolved     version: '0.0.0',
75 silly install resolved     description: '',
75 silly install resolved     main: 'index.js',
75 silly install resolved     scripts: { test: 'echo "Error: no test specified" && exit 1' },
75 silly install resolved     author: '',
75 silly install resolved     license: 'MIT',
75 silly install resolved     _id: 'hybrid@0.0.0',
75 silly install resolved     dist:
75 silly install resolved      { shasum: 'efb108e3ecb6312f8f17f8f03153fac314a0736b',
75 silly install resolved        tarball: 'http://registry.npmjs.org/hybrid/-/hybrid-0.0.0.tgz' },
75 silly install resolved     _from: 'hybrid@*',
75 silly install resolved     _npmVersion: '1.4.4',
75 silly install resolved     _npmUser: { name: 'marianopardo', email: 'marianomdq1@gmail.com' },
75 silly install resolved     maintainers: [ [Object] ],
75 silly install resolved     directories: {},
75 silly install resolved     _shasum: 'efb108e3ecb6312f8f17f8f03153fac314a0736b',
75 silly install resolved     _resolved: 'https://registry.npmjs.org/hybrid/-/hybrid-0.0.0.tgz' } ]
76 info install generator-meanjs@0.1.12 into /usr/local/lib
77 info install hybrid@0.0.0 into /usr/local/lib
78 info installOne generator-meanjs@0.1.12
79 verbose installOne of generator-meanjs to /usr/local/lib not in flight; installing
80 info installOne hybrid@0.0.0
81 verbose installOne of hybrid to /usr/local/lib not in flight; installing
82 warn locking Error: EACCES, open '/Users/kruny1001/.npm/_locks/generator-meanjs-f6a1c7a6f8f2d004.lock'
82 warn locking     at Error (native)
82 warn locking  /Users/kruny1001/.npm/_locks/generator-meanjs-f6a1c7a6f8f2d004.lock failed { [Error: EACCES, open '/Users/kruny1001/.npm/_locks/generator-meanjs-f6a1c7a6f8f2d004.lock']
82 warn locking   errno: -13,
82 warn locking   code: 'EACCES',
82 warn locking   path: '/Users/kruny1001/.npm/_locks/generator-meanjs-f6a1c7a6f8f2d004.lock' }
83 verbose stack Error: Attempt to unlock /usr/local/lib/node_modules/generator-meanjs, which hasn't been locked
83 verbose stack     at unlock (/usr/local/lib/node_modules/npm/lib/utils/locker.js:66:11)
83 verbose stack     at cb (/usr/local/lib/node_modules/npm/lib/install.js:1004:5)
83 verbose stack     at /usr/local/lib/node_modules/npm/lib/install.js:1008:20
83 verbose stack     at /usr/local/lib/node_modules/npm/lib/utils/locker.js:40:9
83 verbose stack     at cb (/usr/local/lib/node_modules/npm/node_modules/lockfile/lockfile.js:149:38)
83 verbose stack     at /usr/local/lib/node_modules/npm/node_modules/lockfile/lockfile.js:177:38
83 verbose stack     at FSReqWrap.oncomplete (fs.js:95:15)
84 verbose cwd /Users/kruny1001/WebstormProjects/pbshop-dev
85 error Darwin 14.3.0
86 error argv "node" "/usr/local/bin/npm" "install" "-g" "generator-meanjs" "hybrid"
87 error node v0.12.2
88 error npm  v2.7.4
89 error Attempt to unlock /usr/local/lib/node_modules/generator-meanjs, which hasn't been locked
90 error If you need help, you may report this error at:
90 error     <https://github.com/npm/npm/issues>
91 verbose exit [ 1, true ]
